<component name="libraryTable">
  <library name="junit-jupiter-api-5.7.1">
    <CLASSES>
      <root url="jar://$PROJECT_DIR$/SWT-AirlineProduct/jars/junit-jupiter-api-5.7.1.jar!/" />
    </CLASSES>
    <JAVADOC />
    <SOURCES />
  </library>
</component>